[debug] [2022-04-20T23:45:39.615Z] ----------------------------------------------------------------------
[debug] [2022-04-20T23:45:39.617Z] Command:       /usr/local/bin/node /usr/local/bin/firebase deploy
[debug] [2022-04-20T23:45:39.618Z] CLI Version:   10.5.0
[debug] [2022-04-20T23:45:39.618Z] Platform:      darwin
[debug] [2022-04-20T23:45:39.618Z] Node Version:  v16.13.0
[debug] [2022-04-20T23:45:39.625Z] Time:          Wed Apr 20 2022 19:45:39 GMT-0400 (Eastern Daylight Time)
[debug] [2022-04-20T23:45:39.625Z] ----------------------------------------------------------------------
[debug] 
[debug] [2022-04-20T23:45:39.628Z] >>> [apiv2][query] GET https://firebase-public.firebaseio.com/cli.json [none]
[debug] [2022-04-20T23:45:39.732Z] > command requires scopes: ["email","openid","https://www.googleapis.com/auth/cloudplatformprojects.readonly","https://www.googleapis.com/auth/firebase","https://www.googleapis.com/auth/cloud-platform"]
[debug] [2022-04-20T23:45:39.732Z] > authorizing via signed-in user (riverscd90@gmail.com)
[debug] [2022-04-20T23:45:39.732Z] [iam] checking project smashcomm-df67b for permissions ["firebase.projects.get","firebasehosting.sites.update"]
[debug] [2022-04-20T23:45:39.733Z] > refreshing access token with scopes: []
[debug] [2022-04-20T23:45:39.734Z] >>> HTTP REQUEST POST https://www.googleapis.com/oauth2/v3/token  
 <request body omitted>
[debug] [2022-04-20T23:45:39.893Z] <<< [apiv2][status] GET https://firebase-public.firebaseio.com/cli.json 200
[debug] [2022-04-20T23:45:39.893Z] <<< [apiv2][body] GET https://firebase-public.firebaseio.com/cli.json {"cloudBuildErrorAfter":1594252800000,"cloudBuildWarnAfter":1590019200000,"defaultNode10After":1594252800000,"minVersion":"3.0.5","node8DeploysDisabledAfter":1613390400000,"node8RuntimeDisabledAfter":1615809600000,"node8WarnAfter":1600128000000}
[debug] [2022-04-20T23:45:39.948Z] <<< HTTP RESPONSE 200 {"pragma":"no-cache","expires":"Mon, 01 Jan 1990 00:00:00 GMT","cache-control":"no-cache, no-store, max-age=0, must-revalidate","date":"Wed, 20 Apr 2022 23:45:40 GMT","content-type":"application/json; charset=utf-8","vary":"X-Origin, Referer, Origin,Accept-Encoding","server":"scaffolding on HTTPServer2","x-xss-protection":"0","x-frame-options":"SAMEORIGIN","x-content-type-options":"nosniff","alt-svc":"h3=\":443\"; ma=2592000,h3-29=\":443\"; ma=2592000,h3-Q050=\":443\"; ma=2592000,h3-Q046=\":443\"; ma=2592000,h3-Q043=\":443\"; ma=2592000,quic=\":443\"; ma=2592000; v=\"46,43\"","accept-ranges":"none","transfer-encoding":"chunked"}
[debug] [2022-04-20T23:45:39.985Z] >>> [apiv2][query] POST https://cloudresourcemanager.googleapis.com/v1/projects/smashcomm-df67b:testIamPermissions [none]
[debug] [2022-04-20T23:45:39.985Z] >>> [apiv2][body] POST https://cloudresourcemanager.googleapis.com/v1/projects/smashcomm-df67b:testIamPermissions {"permissions":["firebase.projects.get","firebasehosting.sites.update"]}
[debug] [2022-04-20T23:45:40.323Z] <<< [apiv2][status] POST https://cloudresourcemanager.googleapis.com/v1/projects/smashcomm-df67b:testIamPermissions 200
[debug] [2022-04-20T23:45:40.323Z] <<< [apiv2][body] POST https://cloudresourcemanager.googleapis.com/v1/projects/smashcomm-df67b:testIamPermissions {}
[debug] [2022-04-20T23:45:40.324Z] [iam] error while checking permissions, command may fail: FirebaseError: Authorization failed. This account is missing the following required permissions on project smashcomm-df67b:

  firebase.projects.get
  firebasehosting.sites.update
[debug] [2022-04-20T23:45:40.324Z] >>> [apiv2][query] GET https://firebase.googleapis.com/v1beta1/projects/smashcomm-df67b [none]
[debug] [2022-04-20T23:45:40.600Z] <<< [apiv2][status] GET https://firebase.googleapis.com/v1beta1/projects/smashcomm-df67b 403
[debug] [2022-04-20T23:45:40.600Z] <<< [apiv2][body] GET https://firebase.googleapis.com/v1beta1/projects/smashcomm-df67b {"error":{"code":403,"message":"The caller does not have permission","status":"PERMISSION_DENIED"}}
[debug] [2022-04-20T23:45:40.601Z] HTTP Error: 403, The caller does not have permission
[debug] [2022-04-20T23:45:40.602Z] FirebaseError: HTTP Error: 403, The caller does not have permission
    at module.exports (/usr/local/lib/node_modules/firebase-tools/lib/responseToError.js:47:12)
    at RetryOperation._fn (/usr/local/lib/node_modules/firebase-tools/lib/apiv2.js:286:39)
    at processTicksAndRejections (node:internal/process/task_queues:96:5)
[error] 
[error] Error: Failed to get Firebase project smashcomm-df67b. Please make sure the project exists and your account has permission to access it.
